# Logfile created on Wed Dec 05 09:12:16 -0700 2012/!\ FAILSAFE /!\  Wed Dec 05 09:13:07 -0700 2012
  Status: 500 Internal Server Error
  Can't connect to local MySQL server through socket '/opt/local/var/run/mysql5/mysqld.sock' (2)
    /Users/jkath/.rvm/gems/ruby-1.8.7-p352/gems/activerecord-2.3.5/lib/active_record/connection_adapters/mysql_adapter.rb:589:in `real_connect'
    /Users/jkath/.rvm/gems/ruby-1.8.7-p352/gems/activerecord-2.3.5/lib/active_record/connection_adapters/mysql_adapter.rb:589:in `connect'
    /Users/jkath/.rvm/gems/ruby-1.8.7-p352/gems/activerecord-2.3.5/lib/active_record/connection_adapters/mysql_adapter.rb:203:in `initialize'
    /Users/jkath/.rvm/gems/ruby-1.8.7-p352/gems/activerecord-2.3.5/lib/active_record/connection_adapters/mysql_adapter.rb:75:in `new'
    /Users/jkath/.rvm/gems/ruby-1.8.7-p352/gems/activerecord-2.3.5/lib/active_record/connection_adapters/mysql_adapter.rb:75:in `mysql_connection'
    /Users/jkath/.rvm/gems/ruby-1.8.7-p352/gems/activerecord-2.3.5/lib/active_record/connection_adapters/abstract/connection_pool.rb:223:in `send'
    /Users/jkath/.rvm/gems/ruby-1.8.7-p352/gems/activerecord-2.3.5/lib/active_record/connection_adapters/abstract/connection_pool.rb:223:in `new_connection'
    /Users/jkath/.rvm/gems/ruby-1.8.7-p352/gems/activerecord-2.3.5/lib/active_record/connection_adapters/abstract/connection_pool.rb:245:in `checkout_new_connection'
    /Users/jkath/.rvm/gems/ruby-1.8.7-p352/gems/activerecord-2.3.5/lib/active_record/connection_adapters/abstract/connection_pool.rb:188:in `checkout'
    /Users/jkath/.rvm/gems/ruby-1.8.7-p352/gems/activerecord-2.3.5/lib/active_record/connection_adapters/abstract/connection_pool.rb:184:in `loop'
    /Users/jkath/.rvm/gems/ruby-1.8.7-p352/gems/activerecord-2.3.5/lib/active_record/connection_adapters/abstract/connection_pool.rb:184:in `checkout'
    /Users/jkath/.rvm/rubies/ruby-1.8.7-p352/lib/ruby/1.8/monitor.rb:242:in `synchronize'
    /Users/jkath/.rvm/gems/ruby-1.8.7-p352/gems/activerecord-2.3.5/lib/active_record/connection_adapters/abstract/connection_pool.rb:183:in `checkout'
    /Users/jkath/.rvm/gems/ruby-1.8.7-p352/gems/activerecord-2.3.5/lib/active_record/connection_adapters/abstract/connection_pool.rb:98:in `connection'
    /Users/jkath/.rvm/gems/ruby-1.8.7-p352/gems/activerecord-2.3.5/lib/active_record/connection_adapters/abstract/connection_pool.rb:326:in `retrieve_connection'
    /Users/jkath/.rvm/gems/ruby-1.8.7-p352/gems/activerecord-2.3.5/lib/active_record/connection_adapters/abstract/connection_specification.rb:123:in `retrieve_connection'
    /Users/jkath/.rvm/gems/ruby-1.8.7-p352/gems/activerecord-2.3.5/lib/active_record/connection_adapters/abstract/connection_specification.rb:115:in `connection'
    /Users/jkath/.rvm/gems/ruby-1.8.7-p352/gems/activerecord-2.3.5/lib/active_record/query_cache.rb:9:in `cache'
    /Users/jkath/.rvm/gems/ruby-1.8.7-p352/gems/activerecord-2.3.5/lib/active_record/query_cache.rb:28:in `call'
    /Users/jkath/.rvm/gems/ruby-1.8.7-p352/gems/activerecord-2.3.5/lib/active_record/connection_adapters/abstract/connection_pool.rb:361:in `call'
    /Users/jkath/.rvm/gems/ruby-1.8.7-p352/gems/actionpack-2.3.5/lib/action_controller/string_coercion.rb:25:in `call'
    /Users/jkath/.rvm/gems/ruby-1.8.7-p352/gems/rack-1.0.1/lib/rack/head.rb:9:in `call'
    /Users/jkath/.rvm/gems/ruby-1.8.7-p352/gems/rack-1.0.1/lib/rack/methodoverride.rb:24:in `call'
    /Users/jkath/.rvm/gems/ruby-1.8.7-p352/gems/actionpack-2.3.5/lib/action_controller/params_parser.rb:15:in `call'
    /Users/jkath/.rvm/gems/ruby-1.8.7-p352/gems/actionpack-2.3.5/lib/action_controller/session/cookie_store.rb:93:in `call'
    /Users/jkath/.rvm/gems/ruby-1.8.7-p352/gems/actionpack-2.3.5/lib/action_controller/failsafe.rb:26:in `call'
    /Users/jkath/.rvm/gems/ruby-1.8.7-p352/gems/rack-1.0.1/lib/rack/lock.rb:11:in `call'
    /Users/jkath/.rvm/gems/ruby-1.8.7-p352/gems/rack-1.0.1/lib/rack/lock.rb:11:in `synchronize'
    /Users/jkath/.rvm/gems/ruby-1.8.7-p352/gems/rack-1.0.1/lib/rack/lock.rb:11:in `call'
    /Users/jkath/.rvm/gems/ruby-1.8.7-p352/gems/actionpack-2.3.5/lib/action_controller/dispatcher.rb:114:in `call'
    /Users/jkath/.rvm/gems/ruby-1.8.7-p352/gems/actionpack-2.3.5/lib/action_controller/reloader.rb:34:in `run'
    /Users/jkath/.rvm/gems/ruby-1.8.7-p352/gems/actionpack-2.3.5/lib/action_controller/dispatcher.rb:108:in `call'
    /Users/jkath/.rvm/gems/ruby-1.8.7-p352/gems/rails-2.3.5/lib/rails/rack/static.rb:31:in `call'
    /Users/jkath/.rvm/gems/ruby-1.8.7-p352/gems/rack-1.0.1/lib/rack/urlmap.rb:46:in `call'
    /Users/jkath/.rvm/gems/ruby-1.8.7-p352/gems/rack-1.0.1/lib/rack/urlmap.rb:40:in `each'
    /Users/jkath/.rvm/gems/ruby-1.8.7-p352/gems/rack-1.0.1/lib/rack/urlmap.rb:40:in `call'
    /Users/jkath/.rvm/gems/ruby-1.8.7-p352/gems/rails-2.3.5/lib/rails/rack/log_tailer.rb:17:in `call'
    /Users/jkath/.rvm/gems/ruby-1.8.7-p352/gems/rack-1.0.1/lib/rack/content_length.rb:13:in `call'
    /Users/jkath/.rvm/gems/ruby-1.8.7-p352/gems/rack-1.0.1/lib/rack/handler/webrick.rb:50:in `service'
    /Users/jkath/.rvm/rubies/ruby-1.8.7-p352/lib/ruby/1.8/webrick/httpserver.rb:104:in `service'
    /Users/jkath/.rvm/rubies/ruby-1.8.7-p352/lib/ruby/1.8/webrick/httpserver.rb:65:in `run'
    /Users/jkath/.rvm/rubies/ruby-1.8.7-p352/lib/ruby/1.8/webrick/server.rb:173:in `start_thread'
    /Users/jkath/.rvm/rubies/ruby-1.8.7-p352/lib/ruby/1.8/webrick/server.rb:162:in `start'
    /Users/jkath/.rvm/rubies/ruby-1.8.7-p352/lib/ruby/1.8/webrick/server.rb:162:in `start_thread'
    /Users/jkath/.rvm/rubies/ruby-1.8.7-p352/lib/ruby/1.8/webrick/server.rb:95:in `start'
    /Users/jkath/.rvm/rubies/ruby-1.8.7-p352/lib/ruby/1.8/webrick/server.rb:92:in `each'
    /Users/jkath/.rvm/rubies/ruby-1.8.7-p352/lib/ruby/1.8/webrick/server.rb:92:in `start'
    /Users/jkath/.rvm/rubies/ruby-1.8.7-p352/lib/ruby/1.8/webrick/server.rb:23:in `start'
    /Users/jkath/.rvm/rubies/ruby-1.8.7-p352/lib/ruby/1.8/webrick/server.rb:82:in `start'
    /Users/jkath/.rvm/gems/ruby-1.8.7-p352/gems/rack-1.0.1/lib/rack/handler/webrick.rb:14:in `run'
    /Users/jkath/.rvm/gems/ruby-1.8.7-p352/gems/rails-2.3.5/lib/commands/server.rb:111
    /Users/jkath/.rvm/rubies/ruby-1.8.7-p352/lib/ruby/site_ruby/1.8/rubygems/custom_require.rb:29:in `gem_original_require'
    /Users/jkath/.rvm/rubies/ruby-1.8.7-p352/lib/ruby/site_ruby/1.8/rubygems/custom_require.rb:29:in `require'
    script/server:3
